2025-09-04 19:11:42,403 - __main__ - WARNING - Input path does not exist: datasample.pdf
2025-09-04 19:11:42,404 - __main__ - ERROR - No valid input files found
2025-09-04 19:15:16,352 - src.models.visual_detector - INFO - Loaded YOLOv8 model on cpu
2025-09-04 19:15:16,352 - src.models.visual_detector - INFO - Loaded YOLOv8 model on cpu
2025-09-04 19:15:16,354 - __main__ - INFO - Processing: data\sample_financial.pdf
2025-09-04 19:15:16,355 - src.processing.document_processor - INFO - Processing PDF: data\sample_financial.pdf
2025-09-04 19:15:16,355 - src.processing.document_processor - INFO - Processing PDF: data\sample_financial.pdf
2025-09-04 19:15:19,332 - src.processing.pdf_handler - ERROR - Error converting PDF to images: Unable to get page count. Is poppler installed and in PATH?
2025-09-04 19:15:19,332 - src.processing.pdf_handler - ERROR - Error converting PDF to images: Unable to get page count. Is poppler installed and in PATH?
2025-09-04 19:15:19,336 - __main__ - ERROR - Error processing data\sample_financial.pdf: Object of type float32 is not JSON serializable
2025-09-04 19:15:19,337 - __main__ - INFO - Processing complete. Processed 0 files.
2025-09-04 22:23:56,875 - src.models.visual_detector - INFO - Loaded YOLOv8 model on cpu
2025-09-04 22:23:56,875 - src.models.visual_detector - INFO - Loaded YOLOv8 model on cpu
2025-09-04 22:25:20,458 - src.processing.document_processor - INFO - Processing PDF: D:\04 Projects\doc text retraction\backend\financial-document-redaction\data\input\6597faeb-04f4-4cc2-920c-5f3992456cd5_916_AI_assignment.pdf
2025-09-04 22:25:20,458 - src.processing.document_processor - INFO - Processing PDF: D:\04 Projects\doc text retraction\backend\financial-document-redaction\data\input\6597faeb-04f4-4cc2-920c-5f3992456cd5_916_AI_assignment.pdf
2025-09-04 22:25:22,066 - src.processing.document_processor - INFO - Processing page 1/3
2025-09-04 22:25:22,066 - src.processing.document_processor - INFO - Processing page 1/3
2025-09-04 22:25:23,516 - src.processing.document_processor - INFO - Processing page 2/3
2025-09-04 22:25:23,516 - src.processing.document_processor - INFO - Processing page 2/3
2025-09-04 22:25:24,702 - src.processing.document_processor - INFO - Processing page 3/3
2025-09-04 22:25:24,702 - src.processing.document_processor - INFO - Processing page 3/3
2025-09-04 22:25:26,260 - src.api.app - ERROR - API error: Object of type float32 is not JSON serializable
2025-09-04 22:27:11,803 - src.processing.document_processor - INFO - Processing PDF: D:\04 Projects\doc text retraction\backend\financial-document-redaction\data\input\0093b5db-bc0f-4180-865c-0cc901cdda49_916_AI_assignment.pdf
2025-09-04 22:27:11,803 - src.processing.document_processor - INFO - Processing PDF: D:\04 Projects\doc text retraction\backend\financial-document-redaction\data\input\0093b5db-bc0f-4180-865c-0cc901cdda49_916_AI_assignment.pdf
2025-09-04 22:27:12,758 - src.processing.document_processor - INFO - Processing page 1/3
2025-09-04 22:27:12,758 - src.processing.document_processor - INFO - Processing page 1/3
2025-09-04 22:27:13,395 - src.processing.document_processor - INFO - Processing page 2/3
2025-09-04 22:27:13,395 - src.processing.document_processor - INFO - Processing page 2/3
2025-09-04 22:27:13,968 - src.processing.document_processor - INFO - Processing page 3/3
2025-09-04 22:27:13,968 - src.processing.document_processor - INFO - Processing page 3/3
2025-09-04 22:27:14,700 - src.api.app - ERROR - API error: Object of type float32 is not JSON serializable
2025-09-04 22:27:34,841 - src.models.visual_detector - INFO - Loaded YOLOv8 model on cpu
2025-09-04 22:27:34,841 - src.models.visual_detector - INFO - Loaded YOLOv8 model on cpu
